MINTIA_omiyagego/app/build/outputs/logs/manifest-merger-debug-report.txt
-- Merging decision tree log ---
manifest
ADDED from src\main\AndroidManifest.xml:2:1-22:12
	package
		ADDED from src\main\AndroidManifest.xml:3:5-55
		INJECTED from src\main\AndroidManifest.xml
		INJECTED from src\main\AndroidManifest.xml
	android:versionName
		INJECTED from src\main\AndroidManifest.xml
		INJECTED from src\main\AndroidManifest.xml
	xmlns:android
		ADDED from src\main\AndroidManifest.xml:2:11-69
	android:versionCode
		INJECTED from src\main\AndroidManifest.xml
		INJECTED from src\main\AndroidManifest.xml
application
ADDED from src\main\AndroidManifest.xml:5:5-20:19
MERGED from [com.android.support:appcompat-v7:23.4.0] AndroidManifest.xml:25:5-20
MERGED from [com.android.support:animated-vector-drawable:23.4.0] AndroidManifest.xml:7:5-20
MERGED from [com.android.support:support-vector-drawable:23.4.0] AndroidManifest.xml:7:5-20
MERGED from [com.android.support:support-v4:23.4.0] AndroidManifest.xml:22:5-20
MERGED from [com.android.support:support-v4:23.4.0] AndroidManifest.xml:22:5-20
MERGED from [com.android.support:support-vector-drawable:23.4.0] AndroidManifest.xml:7:5-20
MERGED from [com.android.support:support-v4:23.4.0] AndroidManifest.xml:22:5-20
MERGED from [com.android.support:design:23.3.0] AndroidManifest.xml:22:5-20
MERGED from [com.android.support:appcompat-v7:23.4.0] AndroidManifest.xml:25:5-20
MERGED from [com.android.support:animated-vector-drawable:23.4.0] AndroidManifest.xml:7:5-20
MERGED from [com.android.support:support-vector-drawable:23.4.0] AndroidManifest.xml:7:5-20
MERGED from [com.android.support:support-v4:23.4.0] AndroidManifest.xml:22:5-20
MERGED from [com.android.support:support-v4:23.4.0] AndroidManifest.xml:22:5-20
MERGED from [com.android.support:support-vector-drawable:23.4.0] AndroidManifest.xml:7:5-20
MERGED from [com.android.support:support-v4:23.4.0] AndroidManifest.xml:22:5-20
MERGED from [com.android.support:support-v4:23.4.0] AndroidManifest.xml:22:5-20
MERGED from [com.android.support:support-v4:23.4.0] AndroidManifest.xml:22:5-20
MERGED from [com.android.support:cardview-v7:23.3.0] AndroidManifest.xml:22:5-20
MERGED from [com.android.support:support-v4:23.4.0] AndroidManifest.xml:22:5-20
MERGED from [de.hdodenhof:circleimageview:1.3.0] AndroidManifest.xml:9:5-20
	android:supportsRtl
		ADDED from src\main\AndroidManifest.xml:8:9-35
	android:allowBackup
		ADDED from src\main\AndroidManifest.xml:6:9-35
	android:icon
		ADDED from src\main\AndroidManifest.xml:7:9-43
	android:theme
		ADDED from src\main\AndroidManifest.xml:9:9-40
activity#com.example.tangcan0823.mintia_omiyagego.MainActivity
ADDED from src\main\AndroidManifest.xml:10:9-18:20
	android:label
		ADDED from src\main\AndroidManifest.xml:11:13-45
	android:theme
		ADDED from src\main\AndroidManifest.xml:12:13-53
	android:name
		ADDED from src\main\AndroidManifest.xml:10:19-87
intent-filter#android.intent.action.MAIN+android.intent.category.LAUNCHER
ADDED from src\main\AndroidManifest.xml:13:13-17:29
action#android.intent.action.MAIN
ADDED from src\main\AndroidManifest.xml:14:17-68
	android:name
		ADDED from src\main\AndroidManifest.xml:14:25-66
category#android.intent.category.LAUNCHER
ADDED from src\main\AndroidManifest.xml:16:17-77
	android:name
		ADDED from src\main\AndroidManifest.xml:16:27-74
activity#com.example.tangcan0823.mintia_omiyagego.FoodViewActivity
ADDED from src\main\AndroidManifest.xml:19:9-53
	android:name
		ADDED from src\main\AndroidManifest.xml:19:19-51
uses-sdk
INJECTED from src\main\AndroidManifest.xml reason: use-sdk injection requested
MERGED from [com.android.support:appcompat-v7:23.4.0] AndroidManifest.xml:21:5-23:78
MERGED from [com.android.support:animated-vector-drawable:23.4.0] AndroidManifest.xml:5:5-44
MERGED from [com.android.support:support-vector-drawable:23.4.0] AndroidManifest.xml:5:5-43
MERGED from [com.android.support:support-v4:23.4.0] AndroidManifest.xml:20:5-43
MERGED from [com.android.support:support-v4:23.4.0] AndroidManifest.xml:20:5-43
MERGED from [com.android.support:support-vector-drawable:23.4.0] AndroidManifest.xml:5:5-43
MERGED from [com.android.support:support-v4:23.4.0] AndroidManifest.xml:20:5-43
MERGED from [com.android.support:design:23.3.0] AndroidManifest.xml:20:5-43
MERGED from [com.android.support:appcompat-v7:23.4.0] AndroidManifest.xml:21:5-23:78
MERGED from [com.android.support:animated-vector-drawable:23.4.0] AndroidManifest.xml:5:5-44
MERGED from [com.android.support:support-vector-drawable:23.4.0] AndroidManifest.xml:5:5-43
MERGED from [com.android.support:support-v4:23.4.0] AndroidManifest.xml:20:5-43
MERGED from [com.android.support:support-v4:23.4.0] AndroidManifest.xml:20:5-43
MERGED from [com.android.support:support-vector-drawable:23.4.0] AndroidManifest.xml:5:5-43
MERGED from [com.android.support:support-v4:23.4.0] AndroidManifest.xml:20:5-43
MERGED from [com.android.support:support-v4:23.4.0] AndroidManifest.xml:20:5-43
MERGED from [com.android.support:recyclerview-v7:23.3.0] AndroidManifest.xml:20:5-43
MERGED from [com.android.support:support-v4:23.4.0] AndroidManifest.xml:20:5-43
MERGED from [com.android.support:cardview-v7:23.3.0] AndroidManifest.xml:20:5-43
MERGED from [com.android.support:recyclerview-v7:23.3.0] AndroidManifest.xml:20:5-43
MERGED from [com.android.support:support-v4:23.4.0] AndroidManifest.xml:20:5-43
MERGED from [de.hdodenhof:circleimageview:1.3.0] AndroidManifest.xml:5:5-7:41
	tools:overrideLibrary
		ADDED from [com.android.support:appcompat-v7:23.4.0] AndroidManifest.xml:23:9-75
	android:targetSdkVersion
		INJECTED from src\main\AndroidManifest.xml
		INJECTED from src\main\AndroidManifest.xml
	android:minSdkVersion
		INJECTED from src\main\AndroidManifest.xml
		INJECTED from src\main\AndroidManifest.xml